\BOOKMARK [0][-]{chapter.1}{\376\377\000L\000\363\000g\000i\000c\000a\000\040\000f\000o\000r\000m\000a\000l}{}% 1
\BOOKMARK [1][-]{section.1.1}{\376\377\000L\000\363\000g\000i\000c\000a\000\040\000p\000r\000o\000p\000o\000s\000i\000c\000i\000o\000n\000a\000l}{chapter.1}% 2
\BOOKMARK [1][-]{section.1.2}{\376\377\000L\000\363\000g\000i\000c\000a\000\040\000d\000e\000\040\000p\000r\000e\000d\000i\000c\000a\000d\000o\000s}{chapter.1}% 3
\BOOKMARK [1][-]{section.1.3}{\376\377\000E\000x\000e\000r\000c\000\355\000c\000i\000o\000s}{chapter.1}% 4
\BOOKMARK [0][-]{chapter.2}{\376\377\000D\000e\000m\000o\000n\000s\000t\000r\000a\000\347\000\365\000e\000s\000,\000\040\000r\000e\000c\000o\000r\000r\000\352\000n\000c\000i\000a\000\040\000e\000\040\000a\000n\000\341\000l\000i\000s\000e\000\040\000d\000e\000\040\000a\000l\000g\000o\000r\000i\000t\000m\000o\000s}{}% 5
\BOOKMARK [0][-]{chapter.3}{\376\377\000C\000o\000n\000j\000u\000n\000t\000o\000s\000\040\000e\000\040\000c\000o\000m\000b\000i\000n\000a\000t\000\363\000r\000i\000a}{}% 6
\BOOKMARK [1][-]{section.3.1}{\376\377\000C\000o\000n\000j\000u\000n\000t\000o\000s}{chapter.3}% 7
\BOOKMARK [2][-]{subsection.3.1.1}{\376\377\000P\000r\000o\000p\000r\000i\000e\000d\000a\000d\000e\000s\000\040\000d\000o\000s\000\040\000c\000o\000n\000j\000u\000n\000t\000o\000s}{section.3.1}% 8
\BOOKMARK [2][-]{subsection.3.1.2}{\376\377\000O\000r\000d\000e\000n\000a\000\347\000\343\000o\000\040\000d\000e\000\040\000c\000o\000n\000j\000u\000n\000t\000o\000s}{section.3.1}% 9
\BOOKMARK [2][-]{subsection.3.1.3}{\376\377\000S\000u\000b\000c\000o\000n\000j\000u\000n\000t\000o\000s}{section.3.1}% 10
\BOOKMARK [2][-]{subsection.3.1.4}{\376\377\000E\000x\000e\000r\000c\000\355\000c\000i\000o\000s}{section.3.1}% 11
\BOOKMARK [1][-]{section.3.2}{\376\377\000C\000o\000m\000b\000i\000n\000a\000t\000\363\000r\000i\000a}{chapter.3}% 12
\BOOKMARK [0][-]{chapter.4}{\376\377\000F\000u\000n\000\347\000\365\000e\000s}{}% 13
\BOOKMARK [1][-]{section.4.1}{\376\377\000F\000u\000n\000\347\000\365\000e\000s}{chapter.4}% 14
\BOOKMARK [2][-]{subsection.4.1.1}{\376\377\000E\000x\000e\000r\000c\000\355\000c\000i\000o\000s}{section.4.1}% 15
\BOOKMARK [0][-]{chapter.5}{\376\377\000S\000e\000q\000u\000\352\000n\000c\000i\000a\000s}{}% 16
\BOOKMARK [0][-]{chapter.6}{\376\377\000R\000e\000l\000a\000\347\000\365\000e\000s}{}% 17
\BOOKMARK [1][-]{section.6.1}{\376\377\000R\000e\000l\000a\000\347\000\365\000e\000s\000\040\000e\000\040\000s\000u\000a\000s\000\040\000p\000r\000o\000p\000r\000i\000e\000d\000a\000d\000e\000s}{chapter.6}% 18
\BOOKMARK [1][-]{section.6.2}{\376\377\000R\000e\000l\000a\000\347\000\365\000e\000s\000\040\000n\000-\000\341\000r\000i\000a\000s}{chapter.6}% 19
\BOOKMARK [1][-]{section.6.3}{\376\377\000R\000e\000p\000r\000e\000s\000e\000n\000t\000a\000\347\000\343\000o\000\040\000d\000e\000\040\000r\000e\000l\000a\000\347\000\365\000e\000s}{chapter.6}% 20
\BOOKMARK [2][-]{subsection.6.3.1}{\376\377\000I\000n\000t\000r\000o\000d\000u\000\347\000\343\000o}{section.6.3}% 21
\BOOKMARK [2][-]{subsection.6.3.2}{\376\377\000R\000e\000p\000r\000e\000s\000e\000n\000t\000a\000\347\000\343\000o\000\040\000d\000e\000\040\000r\000e\000l\000a\000\347\000\365\000e\000s\000\040\000p\000o\000r\000\040\000m\000e\000i\000o\000\040\000d\000e\000\040\000m\000a\000t\000r\000i\000z\000e\000s}{section.6.3}% 22
\BOOKMARK [2][-]{subsection.6.3.3}{\376\377\000R\000e\000p\000r\000e\000s\000e\000n\000t\000a\000\347\000\343\000o\000\040\000d\000e\000\040\000r\000e\000l\000a\000\347\000\365\000e\000s\000\040\000p\000o\000r\000\040\000m\000e\000i\000o\000\040\000d\000e\000\040\000g\000r\000a\000f\000o\000s\000\040\000d\000i\000r\000e\000c\000c\000i\000o\000n\000a\000d\000o\000s}{section.6.3}% 23
\BOOKMARK [1][-]{section.6.4}{\376\377\000F\000e\000c\000h\000a\000m\000e\000n\000t\000o\000\040\000d\000e\000\040\000r\000e\000l\000a\000\347\000\365\000e\000s}{chapter.6}% 24
\BOOKMARK [2][-]{subsection.6.4.1}{\376\377\000I\000n\000t\000r\000o\000d\000u\000\347\000\343\000o}{section.6.4}% 25
\BOOKMARK [1][-]{section.6.5}{\376\377\000R\000e\000l\000a\000\347\000\365\000e\000s\000\040\000d\000e\000\040\000e\000q\000u\000i\000v\000a\000l\000\352\000n\000c\000i\000a}{chapter.6}% 26
\BOOKMARK [1][-]{section.6.6}{\376\377\000O\000r\000d\000e\000n\000s\000\040\000p\000a\000r\000c\000i\000a\000i\000s}{chapter.6}% 27
\BOOKMARK [2][-]{subsection.6.6.1}{\376\377\000E\000x\000e\000r\000c\000\355\000c\000i\000o\000s}{section.6.6}% 28
\BOOKMARK [0][-]{chapter.7}{\376\377\000G\000r\000a\000f\000o\000s}{}% 29
\BOOKMARK [0][-]{chapter.8}{\376\377\000\301\000r\000v\000o\000r\000e\000s}{}% 30
